#
# A fatal error has been detected by the Java Runtime Environment:
#
#  SIGSEGV (0xb) at pc=0x0000000105f0406c, pid=1332, tid=5134577664
#
# JRE version: 7.0_04-b21
# Java VM: Java HotSpot(TM) 64-Bit Server VM (23.0-b21 mixed mode bsd-amd64 compressed oops)
# Problematic frame:
# V  [libjvm.dylib+0x2ca06c]
#
# Failed to write core dump. Core dumps have been disabled. To enable core dumping, try "ulimit -c unlimited" before starting Java again
#
# If you would like to submit a bug report, please visit:
#   http://bugreport.sun.com/bugreport/crash.jsp
#

---------------  T H R E A D  ---------------

Current thread (0x00007ff3da802000):  JavaThread "JDWP Transport Listener: dt_socket" daemon [_thread_in_vm, id=839610368, stack(0x0000000131fb7000,0x00000001320b7000)]

siginfo:si_signo=SIGSEGV: si_errno=0, si_code=0 (SEGV0), si_addr=0x0000000000000000

Registers:
RAX=0x0000000000000001, RBX=0x00000001320b6aeb, RCX=0x00000000001f8100, RDX=0x00000001320b6aeb
RSP=0x00000001320b6a50, RBP=0x00000001320b6aa0, RSI=0x00007ff3da802000, RDI=0x00007ff3d9c00850
R8 =0x0000000000000000, R9 =0x000000004cd378d4, R10=0x00007ff3dc475280, R11=0x00000000909049ed
R12=0x00007ff3da802000, R13=0xe000000000000000, R14=0xe000000000000000, R15=0x00007ff3d9c00850
RIP=0x0000000105f0406c, EFLAGS=0x0000000000010286, ERR=0x0000000000000000
  TRAPNO=0x000000000000000d

Top of Stack: (sp=0x00000001320b6a50)
0x00000001320b6a50:   00007ff3da802000 0000000000000000
0x00000001320b6a60:   0000000000000000 0000000000000000
0x00000001320b6a70:   00007ff3da802000 00007ff3da802000
0x00000001320b6a80:   00000001320b6aeb 00000001320b6af0
0x00000001320b6a90:   e000000000000000 000000000000000e
0x00000001320b6aa0:   00000001320b6ac0 0000000106738280
0x00000001320b6ab0:   0000000000000001 00000001320b6b68
0x00000001320b6ac0:   00000001320b6b30 000000010671d15b
0x00000001320b6ad0:   00000001320b6b00 00007ff3dc47e9e0
0x00000001320b6ae0:   0000000f00000032 00000009000b6b68
0x00000001320b6af0:   0000000000000000 0000000000000000
0x00000001320b6b00:   0000000000000000 00000001320b6cf0
0x00000001320b6b10:   000000010673fda6 00007ff3dc61a050
0x00000001320b6b20:   00000001320b6b68 000000010674b568
0x00000001320b6b30:   00000001320b6b40 000000010671d254
0x00000001320b6b40:   00000001320b6d60 000000010672675e
0x00000001320b6b50:   00003b9100000013 00000000000f0200
0x00000001320b6b60:   00007ff3dc6170f0 00007ff3e598cf11
0x00000001320b6b70:   00007ff30000039f 00007ff3d8c1bd20
0x00000001320b6b80:   00007ff30000012c 00000001320b6bb8
0x00000001320b6b90:   00007ff3dc47d6f0 00007f0000000000
0x00000001320b6ba0:   00003b910000001c 00007fff00008180
0x00000001320b6bb0:   00000001320b6bb8 f37f00000f000000
0x00000001320b6bc0:   0800000038f338dc 3e74696e696c633c
0x00000001320b6bd0:   0056292803000000 0008000000000000
0x00000001320b6be0:   0010bc37dcf37f00 65537465670f0000
0x00000001320b6bf0:   6c6156676e697474 4c283f0000006575
0x00000001320b6c00:   6e616c2f6176616a 676e697274532f67
0x00000001320b6c10:   672f6d6f634c293b 70612f656c676f6f
0x00000001320b6c20:   2f656e69676e6570 617461642f697061
0x00000001320b6c30:   6e452f65726f7473 0000003b79746974
0x00000001320b6c40:   7f00000a00000000 00000040f338dcf3 

Instructions: (pc=0x0000000105f0406c)
0x0000000105f0404c:   00 00 00 41 f6 87 68 01 00 00 10 75 07 b8 63 00
0x0000000105f0405c:   00 00 eb 7a 4d 85 f6 75 07 b8 17 00 00 00 eb 6e
0x0000000105f0406c:   4d 8b 36 48 b8 fe fe fe fe fe fe fe fe 49 39 c6
0x0000000105f0407c:   74 e7 4d 85 f6 74 e2 48 8d 05 06 04 46 00 80 38 

Register to memory mapping:

RAX=0x0000000000000001 is an unknown value
RBX=0x00000001320b6aeb is pointing into the stack for thread: 0x00007ff3da802000
RCX=0x00000000001f8100 is an unknown value
RDX=0x00000001320b6aeb is pointing into the stack for thread: 0x00007ff3da802000
RSP=0x00000001320b6a50 is pointing into the stack for thread: 0x00007ff3da802000
RBP=0x00000001320b6aa0 is pointing into the stack for thread: 0x00007ff3da802000
RSI=0x00007ff3da802000 is a thread
RDI=0x00007ff3d9c00850 is an unknown value
R8 =0x0000000000000000 is an unknown value
R9 =0x000000004cd378d4 is an unknown value
R10=0x00007ff3dc475280 is an unknown value
R11=0x00000000909049ed is an unknown value
R12=0x00007ff3da802000 is a thread
R13=0xe000000000000000 is an unknown value
R14=0xe000000000000000 is an unknown value
R15=0x00007ff3d9c00850 is an unknown value


Stack: [0x0000000131fb7000,0x00000001320b7000],  sp=0x00000001320b6a50,  free space=1022k
Native frames: (J=compiled Java code, j=interpreted, Vv=VM code, C=native code)
V  [libjvm.dylib+0x2ca06c]
C  [libjdwp.dylib+0x20280]  isMethodSynthetic+0x63
C  [libjdwp.dylib+0x515b]  methods1+0x10b
C  [libjdwp.dylib+0x5254]  methodsWithGeneric+0xe
C  [libjdwp.dylib+0xe75e]  debugLoop_run+0x1ce
C  [libjdwp.dylib+0x1f1ba]  attachThread+0x4d
V  [libjvm.dylib+0x309a12]
V  [libjvm.dylib+0x4763cc]
V  [libjvm.dylib+0x4778b2]
V  [libjvm.dylib+0x3b393d]
C  [libsystem_c.dylib+0x147a2]  _pthread_start+0x147
C  [libsystem_c.dylib+0x11e1]  thread_start+0xd


---------------  P R O C E S S  ---------------

Java Threads: ( => current thread )
  0x00007ff3da3fa800 JavaThread "Code server for slideshow_configuration from Mozilla/5.0 (Macintosh; Intel Mac OS X 10_8_4) AppleWebKit/537.36 (KHTML, like Gecko) Chrome/29.0.1547.62 Safari/537.36 on http://127.0.0.1:8888/Slideshow_Configuration.html?gwt.codesvr=127.0.0.1:9997 @ .Db>zIgFIYf[_{KC" daemon [_thread_in_native, id=917667840, stack(0x0000000136a28000,0x0000000136b28000)]
  0x00007ff3da5e4000 JavaThread "675970253@qtp-841287254-2" [_thread_blocked, id=911867904, stack(0x00000001364a0000,0x00000001365a0000)]
  0x00007ff3da5a1000 JavaThread "Timer-1" daemon [_thread_blocked, id=921182208, stack(0x0000000136d82000,0x0000000136e82000)]
  0x00007ff3d937d800 JavaThread "Thread-13" daemon [_thread_blocked, id=922783744, stack(0x0000000136f09000,0x0000000137009000)]
  0x00007ff3d94a8800 JavaThread "Thread-12" daemon [_thread_blocked, id=919441408, stack(0x0000000136bd9000,0x0000000136cd9000)]
  0x00007ff3da063800 JavaThread "1297152004@qtp-841287254-1 - Acceptor0 SelectChannelConnector@0.0.0.0:8888" [_thread_in_native, id=906928128, stack(0x0000000135fea000,0x00000001360ea000)]
  0x00007ff3db0e6800 JavaThread "Code server listener" daemon [_thread_in_native, id=909107200, stack(0x00000001361fe000,0x00000001362fe000)]
  0x00007ff3dacd2000 JavaThread "Timer-0" daemon [_thread_blocked, id=908046336, stack(0x00000001360fb000,0x00000001361fb000)]
  0x00007ff3da029800 JavaThread "pool-1-thread-1" [_thread_blocked, id=905830400, stack(0x0000000135ede000,0x0000000135fde000)]
  0x00007ff3db0c4800 JavaThread "Thread-2" daemon [_thread_blocked, id=897077248, stack(0x0000000135685000,0x0000000135785000)]
  0x00007ff3db0c2800 JavaThread "Thread-1" [_thread_in_native, id=896016384, stack(0x0000000135582000,0x0000000135682000)]
  0x00007ff3daadb800 JavaThread "Java2D Disposer" daemon [_thread_blocked, id=894644224, stack(0x0000000135433000,0x0000000135533000)]
  0x00007ff3d905a000 JavaThread "Java2D Queue Flusher" daemon [_thread_blocked, id=877596672, stack(0x00000001343f1000,0x00000001344f1000)]
  0x00007ff3db0a0800 JavaThread "AWT-Shutdown" [_thread_blocked, id=857100288, stack(0x0000000133065000,0x0000000133165000)]
  0x00007ff3db09f800 JavaThread "Service Thread" daemon [_thread_blocked, id=851206144, stack(0x0000000132ac6000,0x0000000132bc6000)]
  0x00007ff3db09f000 JavaThread "C2 CompilerThread1" daemon [_thread_blocked, id=850145280, stack(0x00000001329c3000,0x0000000132ac3000)]
  0x00007ff3db0a3800 JavaThread "C2 CompilerThread0" daemon [_thread_blocked, id=849084416, stack(0x00000001328c0000,0x00000001329c0000)]
  0x00007ff3da853000 JavaThread "JDWP Command Reader" daemon [_thread_in_native, id=841732096, stack(0x00000001321bd000,0x00000001322bd000)]
  0x00007ff3da852000 JavaThread "JDWP Event Helper Thread" daemon [_thread_blocked, id=840671232, stack(0x00000001320ba000,0x00000001321ba000)]
=>0x00007ff3da802000 JavaThread "JDWP Transport Listener: dt_socket" daemon [_thread_in_vm, id=839610368, stack(0x0000000131fb7000,0x00000001320b7000)]
  0x00007ff3da83d000 JavaThread "Signal Dispatcher" daemon [_thread_blocked, id=838524928, stack(0x0000000131eae000,0x0000000131fae000)]
  0x00007ff3db008800 JavaThread "Finalizer" daemon [_thread_blocked, id=836055040, stack(0x0000000131c53000,0x0000000131d53000)]
  0x00007ff3db008000 JavaThread "Reference Handler" daemon [_thread_blocked, id=834994176, stack(0x0000000131b50000,0x0000000131c50000)]
  0x00007ff3d900c000 JavaThread "main" [_thread_blocked, id=2096828800, stack(0x00007fff598f0000,0x00007fff5a0f0000)]

Other Threads:
  0x00007ff3da010800 VMThread [stack: 0x0000000131a4d000,0x0000000131b4d000] [id=833933312]
  0x00007ff3d903f000 WatcherThread [stack: 0x0000000132bc9000,0x0000000132cc9000] [id=852267008]

VM state:not at safepoint (normal execution)

VM Mutex/Monitor currently owned by a thread: None

Heap
 PSYoungGen      total 121728K, used 14354K [0x0000000124070000, 0x000000012ea40000, 0x000000012eb10000)
  eden space 70976K, 12% used [0x0000000124070000,0x00000001248ee990,0x00000001285c0000)
  from space 50752K, 11% used [0x000000012b730000,0x000000012bcb5ea0,0x000000012e8c0000)
  to   space 50624K, 0% used [0x00000001285c0000,0x00000001285c0000,0x000000012b730000)
 ParOldGen       total 349568K, used 291381K [0x000000010eb10000, 0x0000000124070000, 0x0000000124070000)
  object space 349568K, 83% used [0x000000010eb10000,0x000000012079d770,0x0000000124070000)
 PSPermGen       total 38336K, used 38244K [0x0000000109910000, 0x000000010be80000, 0x000000010eb10000)
  object space 38336K, 99% used [0x0000000109910000,0x000000010be69248,0x000000010be80000)

Code Cache  [0x000000010683f000, 0x0000000106d9f000, 0x000000010983f000)
 total_blobs=1451 nmethods=1021 adapters=389 free_code_cache=44227Kb largest_free_block=44752320

Compilation events (10 events):
Event: 98.988 Thread 0x00007ff3db09f000 1138  s!         com.google.gwt.dev.util.DiskCache::transferToStream (143 bytes)
Event: 99.000 Thread 0x00007ff3db09f000 nmethod 1138 0x0000000106a88dd0 code [0x0000000106a89060, 0x0000000106a8a188]
Event: 100.389 Thread 0x00007ff3db0a3800 1139             java.util.TimSort::mergeHi (719 bytes)
Event: 100.426 Thread 0x00007ff3db0a3800 nmethod 1139 0x0000000106c3ffd0 code [0x0000000106c40200, 0x0000000106c42458]
Event: 104.764 Thread 0x00007ff3db09f000 1140             java.util.Collections::sort (53 bytes)
Event: 104.775 Thread 0x00007ff3db09f000 nmethod 1140 0x0000000106be72d0 code [0x0000000106be7480, 0x0000000106be7e28]
Event: 169.720 Thread 0x00007ff3db0a3800 1141             java.util.HashMap::clear (39 bytes)
Event: 169.722 Thread 0x00007ff3db0a3800 nmethod 1141 0x0000000106928190 code [0x00000001069282e0, 0x0000000106928438]
Event: 276.019 Thread 0x00007ff3db09f000 1142             java.util.HashMap$HashIterator::hasNext (13 bytes)
Event: 276.020 Thread 0x00007ff3db09f000 nmethod 1142 0x0000000106b4dc10 code [0x0000000106b4dd40, 0x0000000106b4ddb8]

GC Heap History (10 events):
Event: 49.121 GC heap before
{Heap before GC invocations=20 (full 0):
 PSYoungGen      total 85568K, used 85533K [0x0000000124070000, 0x000000012e630000, 0x000000012eb10000)
  eden space 58240K, 100% used [0x0000000124070000,0x0000000127950000,0x0000000127950000)
  from space 27328K, 99% used [0x0000000127950000,0x00000001293f7450,0x0000000129400000)
  to   space 54976K, 0% used [0x000000012b080000,0x000000012b080000,0x000000012e630000)
 ParOldGen       total 349568K, used 223594K [0x000000010eb10000, 0x0000000124070000, 0x0000000124070000)
  object space 349568K, 63% used [0x000000010eb10000,0x000000011c56ab08,0x0000000124070000)
 PSPermGen       total 33920K, used 33792K [0x0000000109910000, 0x000000010ba30000, 0x000000010eb10000)
  object space 33920K, 99% used [0x0000000109910000,0x000000010ba10180,0x000000010ba30000)
Event: 49.139 GC heap after
Heap after GC invocations=20 (full 0):
 PSYoungGen      total 114240K, used 6521K [0x0000000124070000, 0x000000012eb10000, 0x000000012eb10000)
  eden space 59264K, 0% used [0x0000000124070000,0x0000000124070000,0x0000000127a50000)
  from space 54976K, 11% used [0x000000012b080000,0x000000012b6de6d8,0x000000012e630000)
  to   space 55488K, 0% used [0x0000000127a50000,0x0000000127a50000,0x000000012b080000)
 ParOldGen       total 349568K, used 241097K [0x000000010eb10000, 0x0000000124070000, 0x0000000124070000)
  object space 349568K, 68% used [0x000000010eb10000,0x000000011d6824e0,0x0000000124070000)
 PSPermGen       total 33920K, used 33792K [0x0000000109910000, 0x000000010ba30000, 0x000000010eb10000)
  object space 33920K, 99% used [0x0000000109910000,0x000000010ba10180,0x000000010ba30000)
}
Event: 74.266 GC heap before
{Heap before GC invocations=21 (full 0):
 PSYoungGen      total 114240K, used 65785K [0x0000000124070000, 0x000000012eb10000, 0x000000012eb10000)
  eden space 59264K, 100% used [0x0000000124070000,0x0000000127a50000,0x0000000127a50000)
  from space 54976K, 11% used [0x000000012b080000,0x000000012b6de6d8,0x000000012e630000)
  to   space 55488K, 0% used [0x0000000127a50000,0x0000000127a50000,0x000000012b080000)
 ParOldGen       total 349568K, used 241097K [0x000000010eb10000, 0x0000000124070000, 0x0000000124070000)
  object space 349568K, 68% used [0x000000010eb10000,0x000000011d6824e0,0x0000000124070000)
 PSPermGen       total 34496K, used 34409K [0x0000000109910000, 0x000000010bac0000, 0x000000010eb10000)
  object space 34496K, 99% used [0x0000000109910000,0x000000010baaa6a0,0x000000010bac0000)
Event: 74.288 GC heap after
Heap after GC invocations=21 (full 0):
 PSYoungGen      total 114752K, used 23405K [0x0000000124070000, 0x000000012e5d0000, 0x000000012eb10000)
  eden space 59264K, 0% used [0x0000000124070000,0x0000000124070000,0x0000000127a50000)
  from space 55488K, 42% used [0x0000000127a50000,0x000000012912b7d0,0x000000012b080000)
  to   space 52544K, 0% used [0x000000012b280000,0x000000012b280000,0x000000012e5d0000)
 ParOldGen       total 349568K, used 244899K [0x000000010eb10000, 0x0000000124070000, 0x0000000124070000)
  object space 349568K, 70% used [0x000000010eb10000,0x000000011da38cd0,0x0000000124070000)
 PSPermGen       total 34496K, used 34409K [0x0000000109910000, 0x000000010bac0000, 0x000000010eb10000)
  object space 34496K, 99% used [0x0000000109910000,0x000000010baaa6a0,0x000000010bac0000)
}
Event: 74.957 GC heap before
{Heap before GC invocations=22 (full 0):
 PSYoungGen      total 114752K, used 82669K [0x0000000124070000, 0x000000012e5d0000, 0x000000012eb10000)
  eden space 59264K, 100% used [0x0000000124070000,0x0000000127a50000,0x0000000127a50000)
  from space 55488K, 42% used [0x0000000127a50000,0x000000012912b7d0,0x000000012b080000)
  to   space 52544K, 0% used [0x000000012b280000,0x000000012b280000,0x000000012e5d0000)
 ParOldGen       total 349568K, used 244899K [0x000000010eb10000, 0x0000000124070000, 0x0000000124070000)
  object space 349568K, 70% used [0x000000010eb10000,0x000000011da38cd0,0x0000000124070000)
 PSPermGen       total 34880K, used 34846K [0x0000000109910000, 0x000000010bb20000, 0x000000010eb10000)
  object space 34880K, 99% used [0x0000000109910000,0x000000010bb179e8,0x000000010bb20000)
Event: 75.030 GC heap after
Heap after GC invocations=22 (full 0):
 PSYoungGen      total 118016K, used 14825K [0x0000000124070000, 0x000000012e5d0000, 0x000000012eb10000)
  eden space 65472K, 0% used [0x0000000124070000,0x0000000124070000,0x0000000128060000)
  from space 52544K, 28% used [0x000000012b280000,0x000000012c0fa648,0x000000012e5d0000)
  to   space 51328K, 0% used [0x0000000128060000,0x0000000128060000,0x000000012b280000)
 ParOldGen       total 349568K, used 267485K [0x000000010eb10000, 0x0000000124070000, 0x0000000124070000)
  object space 349568K, 76% used [0x000000010eb10000,0x000000011f0474b0,0x0000000124070000)
 PSPermGen       total 34880K, used 34846K [0x0000000109910000, 0x000000010bb20000, 0x000000010eb10000)
  object space 34880K, 99% used [0x0000000109910000,0x000000010bb179e8,0x000000010bb20000)
}
Event: 84.985 GC heap before
{Heap before GC invocations=23 (full 0):
 PSYoungGen      total 118016K, used 80297K [0x0000000124070000, 0x000000012e5d0000, 0x000000012eb10000)
  eden space 65472K, 100% used [0x0000000124070000,0x0000000128060000,0x0000000128060000)
  from space 52544K, 28% used [0x000000012b280000,0x000000012c0fa648,0x000000012e5d0000)
  to   space 51328K, 0% used [0x0000000128060000,0x0000000128060000,0x000000012b280000)
 ParOldGen       total 349568K, used 267485K [0x000000010eb10000, 0x0000000124070000, 0x0000000124070000)
  object space 349568K, 76% used [0x000000010eb10000,0x000000011f0474b0,0x0000000124070000)
 PSPermGen       total 36608K, used 36425K [0x0000000109910000, 0x000000010bcd0000, 0x000000010eb10000)
  object space 36608K, 99% used [0x0000000109910000,0x000000010bca2420,0x000000010bcd0000)
Event: 85.024 GC heap after
Heap after GC invocations=23 (full 0):
 PSYoungGen      total 116800K, used 10382K [0x0000000124070000, 0x000000012e8c0000, 0x000000012eb10000)
  eden space 65472K, 0% used [0x0000000124070000,0x0000000124070000,0x0000000128060000)
  from space 51328K, 20% used [0x0000000128060000,0x0000000128a83838,0x000000012b280000)
  to   space 50752K, 0% used [0x000000012b730000,0x000000012b730000,0x000000012e8c0000)
 ParOldGen       total 349568K, used 281865K [0x000000010eb10000, 0x0000000124070000, 0x0000000124070000)
  object space 349568K, 80% used [0x000000010eb10000,0x000000011fe52630,0x0000000124070000)
 PSPermGen       total 36608K, used 36425K [0x0000000109910000, 0x000000010bcd0000, 0x000000010eb10000)
  object space 36608K, 99% used [0x0000000109910000,0x000000010bca2420,0x000000010bcd0000)
}
Event: 104.030 GC heap before
{Heap before GC invocations=24 (full 0):
 PSYoungGen      total 116800K, used 75854K [0x0000000124070000, 0x000000012e8c0000, 0x000000012eb10000)
  eden space 65472K, 100% used [0x0000000124070000,0x0000000128060000,0x0000000128060000)
  from space 51328K, 20% used [0x0000000128060000,0x0000000128a83838,0x000000012b280000)
  to   space 50752K, 0% used [0x000000012b730000,0x000000012b730000,0x000000012e8c0000)
 ParOldGen       total 349568K, used 281865K [0x000000010eb10000, 0x0000000124070000, 0x0000000124070000)
  object space 349568K, 80% used [0x000000010eb10000,0x000000011fe52630,0x0000000124070000)
 PSPermGen       total 38144K, used 38100K [0x0000000109910000, 0x000000010be50000, 0x000000010eb10000)
  object space 38144K, 99% used [0x0000000109910000,0x000000010be45380,0x000000010be50000)
Event: 104.055 GC heap after
Heap after GC invocations=24 (full 0):
 PSYoungGen      total 121728K, used 5655K [0x0000000124070000, 0x000000012ea40000, 0x000000012eb10000)
  eden space 70976K, 0% used [0x0000000124070000,0x0000000124070000,0x00000001285c0000)
  from space 50752K, 11% used [0x000000012b730000,0x000000012bcb5ea0,0x000000012e8c0000)
  to   space 50624K, 0% used [0x00000001285c0000,0x00000001285c0000,0x000000012b730000)
 ParOldGen       total 349568K, used 291381K [0x000000010eb10000, 0x0000000124070000, 0x0000000124070000)
  object space 349568K, 83% used [0x000000010eb10000,0x000000012079d770,0x0000000124070000)
 PSPermGen       total 38144K, used 38100K [0x0000000109910000, 0x000000010be50000, 0x000000010eb10000)
  object space 38144K, 99% used [0x0000000109910000,0x000000010be45380,0x000000010be50000)
}

Deoptimization events (10 events):
Event: 90.170 Thread 0x00007ff3da3fa800 Uncommon trap -83 fr.pc 0x0000000106b3cd30
Event: 90.170 Thread 0x00007ff3da3fa800 Uncommon trap -83 fr.pc 0x0000000106a8b45c
Event: 90.170 Thread 0x00007ff3da3fa800 Uncommon trap -34 fr.pc 0x0000000106a9e17c
Event: 90.488 Thread 0x00007ff3da029800 Uncommon trap -42 fr.pc 0x0000000106b17e30
Event: 95.562 Thread 0x00007ff3d937d800 Uncommon trap -83 fr.pc 0x0000000106908064
Event: 95.567 Thread 0x00007ff3da5e4000 Uncommon trap -34 fr.pc 0x0000000106bb57ac
Event: 100.389 Thread 0x00007ff3da029800 Uncommon trap -42 fr.pc 0x0000000106b17e30
Event: 100.639 Thread 0x00007ff3e500b000 Uncommon trap -83 fr.pc 0x0000000106bb57c8
Event: 110.896 Thread 0x00007ff3da029800 Uncommon trap -34 fr.pc 0x0000000106b528fc
Event: 110.896 Thread 0x00007ff3da029800 Uncommon trap -83 fr.pc 0x0000000106b5226c

Internal exceptions (10 events):
Event: 89.935 Thread 0x00007ff3da3fa800 Threw 0x0000000126b92f60 at /HUDSON/workspace/jdk7u4-2-build-macosx-x86_64-product/jdk7u4/hotspot/src/share/vm/prims/jvm.cpp:1166
Event: 95.567 Thread 0x00007ff3da5e4000 Threw 0x00000001278ca3f8 at /HUDSON/workspace/jdk7u4-2-build-macosx-x86_64-product/jdk7u4/hotspot/src/share/vm/prims/jvm.cpp:1166
Event: 95.625 Thread 0x00007ff3da5e4000 Threw 0x000000012792f8e8 at /HUDSON/workspace/jdk7u4-2-build-macosx-x86_64-product/jdk7u4/hotspot/src/share/vm/prims/jvm.cpp:1166
Event: 95.626 Thread 0x00007ff3da5e4000 Threw 0x0000000127932b50 at /HUDSON/workspace/jdk7u4-2-build-macosx-x86_64-product/jdk7u4/hotspot/src/share/vm/prims/jvm.cpp:1166
Event: 105.102 Thread 0x00007ff3e500b000 Threw 0x000000012425b568 at /HUDSON/workspace/jdk7u4-2-build-macosx-x86_64-product/jdk7u4/hotspot/src/share/vm/prims/jni.cpp:715
Event: 110.896 Thread 0x00007ff3da029800 Threw 0x00000001246b7b00 at /HUDSON/workspace/jdk7u4-2-build-macosx-x86_64-product/jdk7u4/hotspot/src/share/vm/prims/jni.cpp:1630
Event: 110.896 Thread 0x00007ff3da029800 Threw 0x00000001246b8640 at /HUDSON/workspace/jdk7u4-2-build-macosx-x86_64-product/jdk7u4/hotspot/src/share/vm/prims/jni.cpp:1630
Event: 125.595 Thread 0x00007ff3d94a8800 Threw 0x00000001246ed638 at /HUDSON/workspace/jdk7u4-2-build-macosx-x86_64-product/jdk7u4/hotspot/src/share/vm/prims/jni.cpp:1630
Event: 145.757 Thread 0x00007ff3e500b000 Threw 0x0000000124262938 at /HUDSON/workspace/jdk7u4-2-build-macosx-x86_64-product/jdk7u4/hotspot/src/share/vm/prims/jni.cpp:715
Event: 150.439 Thread 0x00007ff3e500b000 Threw 0x0000000124268450 at /HUDSON/workspace/jdk7u4-2-build-macosx-x86_64-product/jdk7u4/hotspot/src/share/vm/prims/jni.cpp:715

Events (10 events):
Event: 217.213 Executing VM operation: RevokeBias
Event: 217.213 Executing VM operation: RevokeBias done
Event: 217.213 Thread 0x00007ff3e500b000 Thread exited: 0x00007ff3e500b000
Event: 219.712 Thread 0x00007ff3dd111800 Thread exited: 0x00007ff3dd111800
Event: 305.546 Executing VM operation: RevokeBias
Event: 305.547 Executing VM operation: RevokeBias done
Event: 305.547 Executing VM operation: RevokeBias
Event: 305.547 Executing VM operation: RevokeBias done
Event: 392.147 Executing VM operation: RedefineClasses
Event: 392.174 Executing VM operation: RedefineClasses done


Dynamic libraries:
0x000000000b768000 	/System/Library/Frameworks/Cocoa.framework/Versions/A/Cocoa
0x000000000b768000 	/System/Library/Frameworks/Security.framework/Versions/A/Security
0x000000000b768000 	/System/Library/Frameworks/ApplicationServices.framework/Versions/A/ApplicationServices
0x000000000b768000 	/usr/lib/libz.1.dylib
0x000000000b768000 	/usr/lib/libSystem.B.dylib
0x000000000b768000 	/usr/lib/libobjc.A.dylib
0x000000000b768000 	/System/Library/Frameworks/CoreFoundation.framework/Versions/A/CoreFoundation
0x000000000b768000 	/System/Library/Frameworks/AppKit.framework/Versions/C/AppKit
0x000000000b768000 	/System/Library/Frameworks/CoreData.framework/Versions/A/CoreData
0x000000000b768000 	/System/Library/Frameworks/Foundation.framework/Versions/C/Foundation
0x000000000b768000 	/System/Library/PrivateFrameworks/RemoteViewServices.framework/Versions/A/RemoteViewServices
0x000000000b768000 	/System/Library/Frameworks/AudioToolbox.framework/Versions/A/AudioToolbox
0x000000000b768000 	/System/Library/Frameworks/AudioUnit.framework/Versions/A/AudioUnit
0x000000000b768000 	/System/Library/PrivateFrameworks/DataDetectorsCore.framework/Versions/A/DataDetectorsCore
0x000000000b768000 	/System/Library/PrivateFrameworks/DesktopServicesPriv.framework/Versions/A/DesktopServicesPriv
0x000000000b768000 	/System/Library/Frameworks/Carbon.framework/Versions/A/Frameworks/HIToolbox.framework/Versions/A/HIToolbox
0x000000000b768000 	/System/Library/Frameworks/QuartzCore.framework/Versions/A/QuartzCore
0x000000000b768000 	/System/Library/Frameworks/Carbon.framework/Versions/A/Frameworks/SpeechRecognition.framework/Versions/A/SpeechRecognition
0x000000000b768000 	/usr/lib/libauto.dylib
0x000000000b768000 	/usr/lib/libicucore.A.dylib
0x000000000b768000 	/usr/lib/libxml2.2.dylib
0x000000000b768000 	/System/Library/PrivateFrameworks/CoreUI.framework/Versions/A/CoreUI
0x000000000b768000 	/System/Library/Frameworks/CoreAudio.framework/Versions/A/CoreAudio
0x000000000b768000 	/System/Library/Frameworks/DiskArbitration.framework/Versions/A/DiskArbitration
0x000000000b768000 	/usr/lib/liblangid.dylib
0x000000000b768000 	/System/Library/PrivateFrameworks/MultitouchSupport.framework/Versions/A/MultitouchSupport
0x000000000b768000 	/System/Library/Frameworks/IOKit.framework/Versions/A/IOKit
0x000000000b768000 	/usr/lib/libDiagnosticMessagesClient.dylib
0x000000000b768000 	/System/Library/Frameworks/CoreServices.framework/Versions/A/CoreServices
0x000000000b768000 	/System/Library/PrivateFrameworks/PerformanceAnalysis.framework/Versions/A/PerformanceAnalysis
0x000000000b768000 	/System/Library/PrivateFrameworks/GenerationalStorage.framework/Versions/A/GenerationalStorage
0x000000000b768000 	/System/Library/Frameworks/OpenGL.framework/Versions/A/OpenGL
0x000000000b768000 	/System/Library/Frameworks/CoreText.framework/Versions/A/CoreText
0x000000000b768000 	/System/Library/Frameworks/ImageIO.framework/Versions/A/ImageIO
0x000000000b768000 	/System/Library/PrivateFrameworks/Backup.framework/Versions/A/Backup
0x000000000b768000 	/System/Library/Frameworks/CFNetwork.framework/Versions/A/CFNetwork
0x000000000b768000 	/System/Library/Frameworks/SystemConfiguration.framework/Versions/A/SystemConfiguration
0x000000000b768000 	/usr/lib/libCRFSuite.dylib
0x000000000b768000 	/System/Library/PrivateFrameworks/TCC.framework/Versions/A/TCC
0x000000000b768000 	/usr/lib/libc++.1.dylib
0x000000000b768000 	/usr/lib/libc++abi.dylib
0x000000000b768000 	/usr/lib/system/libcache.dylib
0x000000000b768000 	/usr/lib/system/libcommonCrypto.dylib
0x000000000b768000 	/usr/lib/system/libcompiler_rt.dylib
0x000000000b768000 	/usr/lib/system/libcopyfile.dylib
0x000000000b768000 	/usr/lib/system/libdispatch.dylib
0x000000000b768000 	/usr/lib/system/libdnsinfo.dylib
0x000000000b768000 	/usr/lib/system/libdyld.dylib
0x000000000b768000 	/usr/lib/system/libkeymgr.dylib
0x000000000b768000 	/usr/lib/system/liblaunch.dylib
0x000000000b768000 	/usr/lib/system/libmacho.dylib
0x000000000b768000 	/usr/lib/system/libquarantine.dylib
0x000000000b768000 	/usr/lib/system/libremovefile.dylib
0x000000000b768000 	/usr/lib/system/libsystem_blocks.dylib
0x000000000b768000 	/usr/lib/system/libsystem_c.dylib
0x000000000b768000 	/usr/lib/system/libsystem_dnssd.dylib
0x000000000b768000 	/usr/lib/system/libsystem_info.dylib
0x000000000b768000 	/usr/lib/system/libsystem_kernel.dylib
0x000000000b768000 	/usr/lib/system/libsystem_m.dylib
0x000000000b768000 	/usr/lib/system/libsystem_network.dylib
0x000000000b768000 	/usr/lib/system/libsystem_notify.dylib
0x000000000b768000 	/usr/lib/system/libsystem_sandbox.dylib
0x000000000b768000 	/usr/lib/system/libunc.dylib
0x000000000b768000 	/usr/lib/system/libunwind.dylib
0x000000000b768000 	/usr/lib/system/libxpc.dylib
0x000000000b768000 	/usr/lib/system/libcorecrypto.dylib
0x000000000b768000 	/usr/lib/libstdc++.6.dylib
0x000000000b768000 	/usr/lib/libbsm.0.dylib
0x000000000b768000 	/usr/lib/libsqlite3.dylib
0x000000000b768000 	/usr/lib/libxar.1.dylib
0x000000000b768000 	/usr/lib/libpam.2.dylib
0x000000000b768000 	/usr/lib/libOpenScriptingUtil.dylib
0x000000000b768000 	/usr/lib/libbz2.1.0.dylib
0x000000000b768000 	/System/Library/Frameworks/CoreServices.framework/Versions/A/Frameworks/CarbonCore.framework/Versions/A/CarbonCore
0x000000000b768000 	/System/Library/Frameworks/CoreServices.framework/Versions/A/Frameworks/Metadata.framework/Versions/A/Metadata
0x000000000b768000 	/System/Library/Frameworks/CoreServices.framework/Versions/A/Frameworks/OSServices.framework/Versions/A/OSServices
0x000000000b768000 	/System/Library/Frameworks/CoreServices.framework/Versions/A/Frameworks/SearchKit.framework/Versions/A/SearchKit
0x000000000b768000 	/System/Library/Frameworks/CoreServices.framework/Versions/A/Frameworks/AE.framework/Versions/A/AE
0x000000000b768000 	/System/Library/Frameworks/CoreServices.framework/Versions/A/Frameworks/LaunchServices.framework/Versions/A/LaunchServices
0x000000000b768000 	/System/Library/Frameworks/CoreServices.framework/Versions/A/Frameworks/DictionaryServices.framework/Versions/A/DictionaryServices
0x000000000b768000 	/System/Library/Frameworks/NetFS.framework/Versions/A/NetFS
0x000000000b768000 	/usr/lib/system/libkxld.dylib
0x000000000b768000 	/System/Library/PrivateFrameworks/NetAuth.framework/Versions/A/NetAuth
0x000000000b768000 	/System/Library/Frameworks/OpenDirectory.framework/Versions/A/Frameworks/CFOpenDirectory.framework/Versions/A/CFOpenDirectory
0x000000000b768000 	/usr/lib/libxslt.1.dylib
0x000000000b768000 	/System/Library/PrivateFrameworks/FamilyControls.framework/Versions/A/FamilyControls
0x000000000b768000 	/System/Library/Frameworks/Carbon.framework/Versions/A/Frameworks/Ink.framework/Versions/A/Ink
0x000000000b768000 	/System/Library/Frameworks/ApplicationServices.framework/Versions/A/Frameworks/CoreGraphics.framework/Versions/A/CoreGraphics
0x000000000b768000 	/System/Library/Frameworks/ApplicationServices.framework/Versions/A/Frameworks/ATS.framework/Versions/A/ATS
0x000000000b768000 	/System/Library/Frameworks/ApplicationServices.framework/Versions/A/Frameworks/ColorSync.framework/Versions/A/ColorSync
0x000000000b768000 	/System/Library/Frameworks/ApplicationServices.framework/Versions/A/Frameworks/HIServices.framework/Versions/A/HIServices
0x000000000b768000 	/System/Library/Frameworks/ApplicationServices.framework/Versions/A/Frameworks/LangAnalysis.framework/Versions/A/LangAnalysis
0x000000000b768000 	/System/Library/Frameworks/ApplicationServices.framework/Versions/A/Frameworks/PrintCore.framework/Versions/A/PrintCore
0x000000000b768000 	/System/Library/Frameworks/ApplicationServices.framework/Versions/A/Frameworks/QD.framework/Versions/A/QD
0x000000000b768000 	/System/Library/Frameworks/ApplicationServices.framework/Versions/A/Frameworks/SpeechSynthesis.framework/Versions/A/SpeechSynthesis
0x000000000b768000 	/System/Library/Frameworks/IOSurface.framework/Versions/A/IOSurface
0x000000000b768000 	/System/Library/Frameworks/Accelerate.framework/Versions/A/Accelerate
0x000000000b768000 	/System/Library/Frameworks/ApplicationServices.framework/Versions/A/Frameworks/ATS.framework/Versions/A/Resources/libFontParser.dylib
0x000000000b768000 	/System/Library/Frameworks/ApplicationServices.framework/Versions/A/Frameworks/ATS.framework/Versions/A/Resources/libFontRegistry.dylib
0x000000000b768000 	/System/Library/Frameworks/Accelerate.framework/Versions/A/Frameworks/vImage.framework/Versions/A/vImage
0x000000000b768000 	/System/Library/Frameworks/Accelerate.framework/Versions/A/Frameworks/vecLib.framework/Versions/A/vecLib
0x000000000b768000 	/System/Library/Frameworks/Accelerate.framework/Versions/A/Frameworks/vecLib.framework/Versions/A/libvDSP.dylib
0x000000000b768000 	/System/Library/Frameworks/Accelerate.framework/Versions/A/Frameworks/vecLib.framework/Versions/A/libvMisc.dylib
0x000000000b768000 	/System/Library/Frameworks/Accelerate.framework/Versions/A/Frameworks/vecLib.framework/Versions/A/libLAPACK.dylib
0x000000000b768000 	/System/Library/Frameworks/Accelerate.framework/Versions/A/Frameworks/vecLib.framework/Versions/A/libBLAS.dylib
0x000000000b768000 	/System/Library/Frameworks/ImageIO.framework/Versions/A/Resources/libJPEG.dylib
0x000000000b768000 	/System/Library/Frameworks/ImageIO.framework/Versions/A/Resources/libTIFF.dylib
0x000000000b768000 	/System/Library/Frameworks/ImageIO.framework/Versions/A/Resources/libPng.dylib
0x000000000b768000 	/System/Library/Frameworks/ImageIO.framework/Versions/A/Resources/libGIF.dylib
0x000000000b768000 	/System/Library/Frameworks/ImageIO.framework/Versions/A/Resources/libJP2.dylib
0x000000000b768000 	/System/Library/Frameworks/ImageIO.framework/Versions/A/Resources/libRadiance.dylib
0x000000000b768000 	/usr/lib/libcups.2.dylib
0x000000000b768000 	/System/Library/Frameworks/Kerberos.framework/Versions/A/Kerberos
0x000000000b768000 	/System/Library/Frameworks/GSS.framework/Versions/A/GSS
0x000000000b768000 	/usr/lib/libresolv.9.dylib
0x000000000b768000 	/usr/lib/libiconv.2.dylib
0x000000000b768000 	/System/Library/PrivateFrameworks/Heimdal.framework/Versions/A/Heimdal
0x000000000b768000 	/System/Library/PrivateFrameworks/TrustEvaluationAgent.framework/Versions/A/TrustEvaluationAgent
0x000000000b768000 	/System/Library/Frameworks/OpenDirectory.framework/Versions/A/OpenDirectory
0x000000000b768000 	/System/Library/PrivateFrameworks/CommonAuth.framework/Versions/A/CommonAuth
0x000000000b768000 	/System/Library/PrivateFrameworks/Bom.framework/Versions/A/Bom
0x000000000b768000 	/System/Library/Frameworks/CoreVideo.framework/Versions/A/CoreVideo
0x000000000b768000 	/System/Library/Frameworks/QuartzCore.framework/Versions/A/Frameworks/CoreImage.framework/Versions/A/CoreImage
0x000000000b768000 	/System/Library/Frameworks/QuartzCore.framework/Versions/A/Frameworks/ScalableUserInterface.framework/Versions/A/ScalableUserInterface
0x000000000b768000 	/System/Library/Frameworks/OpenGL.framework/Versions/A/Libraries/libGLU.dylib
0x000000000b768000 	/System/Library/Frameworks/OpenGL.framework/Versions/A/Libraries/libGFXShared.dylib
0x000000000b768000 	/System/Library/Frameworks/OpenGL.framework/Versions/A/Libraries/libGL.dylib
0x000000000b768000 	/System/Library/Frameworks/OpenGL.framework/Versions/A/Libraries/libGLImage.dylib
0x000000000b768000 	/System/Library/Frameworks/OpenGL.framework/Versions/A/Libraries/libCVMSPluginSupport.dylib
0x000000000b768000 	/System/Library/Frameworks/OpenGL.framework/Versions/A/Libraries/libCoreVMClient.dylib
0x000000000b768000 	/System/Library/PrivateFrameworks/CrashReporterSupport.framework/Versions/A/CrashReporterSupport
0x000000000b768000 	/System/Library/Frameworks/OpenCL.framework/Versions/A/OpenCL
0x000000000b768000 	/System/Library/PrivateFrameworks/FaceCoreLight.framework/Versions/A/FaceCoreLight
0x000000000b768000 	/System/Library/PrivateFrameworks/AppleFSCompression.framework/Versions/A/AppleFSCompression
0x000000000b768000 	/System/Library/PrivateFrameworks/Ubiquity.framework/Versions/A/Ubiquity
0x000000000b768000 	/System/Library/Frameworks/ServiceManagement.framework/Versions/A/ServiceManagement
0x000000000b768000 	/System/Library/PrivateFrameworks/ChunkingLibrary.framework/Versions/A/ChunkingLibrary
0x000000000b768000 	/System/Library/Frameworks/vecLib.framework/Versions/A/vecLib
0x000000000b768000 	/System/Library/Frameworks/SecurityFoundation.framework/Versions/A/SecurityFoundation
0x000000000b768000 	/System/Library/PrivateFrameworks/CommerceKit.framework/Versions/A/Frameworks/CommerceCore.framework/Versions/A/CommerceCore
0x000000000b768000 	/System/Library/PrivateFrameworks/CoreSymbolication.framework/Versions/A/CoreSymbolication
0x000000000b768000 	/System/Library/PrivateFrameworks/Symbolication.framework/Versions/A/Symbolication
0x000000000b768000 	/System/Library/PrivateFrameworks/DebugSymbols.framework/Versions/A/DebugSymbols
0x0000000105c3a000 	/Library/Java/JavaVirtualMachines/1.7.0.jdk/Contents/Home/jre/lib/server/libjvm.dylib
0x00000001066da000 	/Library/Java/JavaVirtualMachines/1.7.0.jdk/Contents/Home/jre/lib/libverify.dylib
0x00000001066e7000 	/Library/Java/JavaVirtualMachines/1.7.0.jdk/Contents/Home/jre/lib/libjava.dylib
0x0000000106718000 	/Library/Java/JavaVirtualMachines/1.7.0.jdk/Contents/Home/jre/lib/libjdwp.dylib
0x0000000106755000 	/Library/Java/JavaVirtualMachines/1.7.0.jdk/Contents/Home/jre/lib/./libnpt.dylib
0x0000000106759000 	/Library/Java/JavaVirtualMachines/1.7.0.jdk/Contents/Home/jre/lib/libinstrument.dylib
0x0000000106836000 	/Library/Java/JavaVirtualMachines/1.7.0.jdk/Contents/Home/jre/lib/libzip.dylib
0x0000000131d55000 	/System/Library/Frameworks/JavaVM.framework/Frameworks/JavaRuntimeSupport.framework/JavaRuntimeSupport
0x0000000131d6d000 	/System/Library/Frameworks/JavaVM.framework/Versions/A/Frameworks/JavaNativeFoundation.framework/Versions/A/JavaNativeFoundation
0x0000000131d82000 	/System/Library/Frameworks/JavaVM.framework/Versions/A/JavaVM
0x000000000b768000 	/System/Library/Frameworks/Carbon.framework/Versions/A/Carbon
0x0000000131d8f000 	/System/Library/PrivateFrameworks/JavaLaunching.framework/Versions/A/JavaLaunching
0x000000000b768000 	/System/Library/Frameworks/Carbon.framework/Versions/A/Frameworks/CommonPanels.framework/Versions/A/CommonPanels
0x000000000b768000 	/System/Library/Frameworks/Carbon.framework/Versions/A/Frameworks/Help.framework/Versions/A/Help
0x000000000b768000 	/System/Library/Frameworks/Carbon.framework/Versions/A/Frameworks/ImageCapture.framework/Versions/A/ImageCapture
0x000000000b768000 	/System/Library/Frameworks/Carbon.framework/Versions/A/Frameworks/OpenScripting.framework/Versions/A/OpenScripting
0x000000000b768000 	/System/Library/Frameworks/Carbon.framework/Versions/A/Frameworks/Print.framework/Versions/A/Print
0x000000000b768000 	/System/Library/Frameworks/Carbon.framework/Versions/A/Frameworks/SecurityHI.framework/Versions/A/SecurityHI
0x0000000131fb0000 	/Library/Java/JavaVirtualMachines/1.7.0.jdk/Contents/Home/jre/lib/libdt_socket.dylib
0x0000000132dcc000 	/Library/Java/JavaVirtualMachines/1.7.0.jdk/Contents/Home/jre/lib/libnet.dylib
0x0000000132e29000 	/Library/Java/JavaVirtualMachines/1.7.0.jdk/Contents/Home/jre/lib/libawt.dylib
0x0000000132ed8000 	/Library/Java/JavaVirtualMachines/1.7.0.jdk/Contents/Home/jre/lib/./libmlib_image.dylib
0x0000000132fa4000 	/Library/Java/JavaVirtualMachines/1.7.0.jdk/Contents/Home/jre/lib/lwawt/liblwawt.dylib
0x0000000133051000 	/Library/Java/JavaVirtualMachines/1.7.0.jdk/Contents/Home/jre/lib/libosxapp.dylib
0x000000013305d000 	/System/Library/Frameworks/ExceptionHandling.framework/Versions/A/ExceptionHandling
0x000000000b768000 	/System/Library/PrivateFrameworks/CoreServicesInternal.framework/Versions/A/CoreServicesInternal
0x000000000b768000 	/System/Library/PrivateFrameworks/Librarian.framework/Versions/A/Librarian
0x00000001346fd000 	/System/Library/Frameworks/OpenGL.framework/Resources/GLEngine.bundle/GLEngine
0x00000001348f2000 	/System/Library/Frameworks/OpenGL.framework/Versions/A/Libraries/libGLProgrammability.dylib
0x0000000134a9a000 	/System/Library/Extensions/AppleIntelHD3000GraphicsGLDriver.bundle/Contents/MacOS/AppleIntelHD3000GraphicsGLDriver
0x00000001344f3000 	/System/Library/PrivateFrameworks/GPUSupport.framework/Versions/A/Libraries/libGPUSupport.dylib
0x0000000134507000 	/System/Library/Frameworks/OpenGL.framework/Resources//GLRendererFloat.bundle/GLRendererFloat
0x000000013453b000 	/System/Library/Frameworks/OpenCL.framework/Versions/A/Libraries/libcldcpuengine.dylib
0x000000000b768000 	/System/Library/PrivateFrameworks/DiskImages.framework/Versions/A/DiskImages
0x000000000b768000 	/System/Library/Frameworks/DiscRecording.framework/Versions/A/DiscRecording
0x000000000b768000 	/usr/lib/libcurl.4.dylib
0x000000000b768000 	/System/Library/PrivateFrameworks/MediaKit.framework/Versions/A/MediaKit
0x000000000b768000 	/usr/lib/libssl.0.9.8.dylib
0x000000000b768000 	/usr/lib/libcrypto.0.9.8.dylib
0x000000000b768000 	/System/Library/Frameworks/LDAP.framework/Versions/A/LDAP
0x000000000b768000 	/usr/lib/libsasl2.2.dylib
0x000000000b768000 	/System/Library/Frameworks/ApplicationServices.framework/Versions/A/Frameworks/CoreGraphics.framework/Versions/A/Resources/libCSync.A.dylib
0x000000000b768000 	/System/Library/Frameworks/ApplicationServices.framework/Versions/A/Frameworks/CoreGraphics.framework/Versions/A/Resources/libRIP.A.dylib
0x0000000135535000 	/Library/Java/JavaVirtualMachines/1.7.0.jdk/Contents/Home/jre/lib/libfontmanager.dylib
0x00000001360ec000 	/Library/Java/JavaVirtualMachines/1.7.0.jdk/Contents/Home/jre/lib/libosx.dylib
0x0000000135a11000 	/Library/Java/JavaVirtualMachines/1.7.0.jdk/Contents/Home/jre/lib/libnio.dylib

VM Arguments:
jvm_args: -agentlib:jdwp=transport=dt_socket,suspend=y,address=localhost:53274 -Ddatastore.default_high_rep_job_policy_unapplied_job_pct=50 -Xmx512m -javaagent:/Users/ArunAbraham/Source/Eclipse - Google App Engine/plugins/com.google.appengine.eclipse.sdkbundle_1.7.6/appengine-java-sdk-1.7.6/lib/agent/appengine-agent.jar -Xbootclasspath/p:/Users/ArunAbraham/Source/Eclipse - Google App Engine/plugins/com.google.appengine.eclipse.sdkbundle_1.7.6/appengine-java-sdk-1.7.6/lib/override/appengine-dev-jdk-overrides.jar -Dfile.encoding=MacRoman 
java_command: com.google.gwt.dev.DevMode -remoteUI 50255:1377798866368113000 -startupUrl Slideshow_Configuration.html -logLevel INFO -codeServerPort 9997 -port 8888 -server com.google.appengine.tools.development.gwt.AppEngineLauncher -war /Users/ArunAbraham/Source/Workspace - App Engine/Slideshow Configuration/war com.slideshow.Slideshow_Configuration
Launcher Type: SUN_STANDARD

Environment Variables:
PATH=/usr/bin:/bin:/usr/sbin:/sbin
SHELL=/bin/bash
DISPLAY=/tmp/launch-dIBAiU/org.macosforge.xquartz:0

Signal Handlers:
SIGSEGV: [libjvm.dylib+0x4a177d], sa_mask[0]=0xfffefeff, sa_flags=0x00000042
SIGBUS: [libjvm.dylib+0x4a177d], sa_mask[0]=0xfffefeff, sa_flags=0x00000042
SIGFPE: [libjvm.dylib+0x3b1541], sa_mask[0]=0xfffefeff, sa_flags=0x00000042
SIGPIPE: [libjvm.dylib+0x3b1541], sa_mask[0]=0xfffefeff, sa_flags=0x00000042
SIGXFSZ: [libjvm.dylib+0x3b1541], sa_mask[0]=0xfffefeff, sa_flags=0x00000042
SIGILL: [libjvm.dylib+0x3b1541], sa_mask[0]=0xfffefeff, sa_flags=0x00000042
SIGUSR1: SIG_DFL, sa_mask[0]=0x00000000, sa_flags=0x00000002
SIGUSR2: [libjvm.dylib+0x3b10ce], sa_mask[0]=0x00000004, sa_flags=0x00000042
SIGHUP: [libjvm.dylib+0x3af2f3], sa_mask[0]=0xfffefeff, sa_flags=0x00000042
SIGINT: [libjvm.dylib+0x3af2f3], sa_mask[0]=0xfffefeff, sa_flags=0x00000042
SIGTERM: [libjvm.dylib+0x3af2f3], sa_mask[0]=0xfffefeff, sa_flags=0x00000042
SIGQUIT: [libjvm.dylib+0x3af2f3], sa_mask[0]=0xfffefeff, sa_flags=0x00000042


---------------  S Y S T E M  ---------------

OS:Bsd
uname:Darwin 12.4.0 Darwin Kernel Version 12.4.0: Wed May  1 17:57:12 PDT 2013; root:xnu-2050.24.15~1/RELEASE_X86_64 x86_64
rlimit: STACK 8192k, CORE 0k, NPROC 709, NOFILE 10240
CPU:total 4 (2 cores per cpu, 2 threads per core) family 6 model 42 stepping 7, cmov, cx8, fxsr, mmx, sse, sse2, sse3, ssse3, sse4.1, sse4.2, popcnt, avx, ht, tsc, tscinvbit

Memory: 4k page, physical 137435928748k(34358982187k free)

/proc/meminfo:


vm_info: Java HotSpot(TM) 64-Bit Server VM (23.0-b21) for bsd-amd64 JRE (1.7.0_04-b21), built on Apr 19 2012 22:33:17 by "java_re" with gcc 4.2.1 (Based on Apple Inc. build 5658) (LLVM build 2336.1.00)

time: Thu Aug 29 19:00:59 2013
elapsed time: 392 seconds

